[2025-07-31T16:02:31.498+0000] {local_task_job_runner.py:120} INFO - ::group::Pre task execution logs
[2025-07-31T16:02:31.554+0000] {taskinstance.py:2073} INFO - Dependencies all met for dep_context=non-requeueable deps ti=<TaskInstance: training_pipeline.train_model manual__2025-07-31T16:02:14.297843+00:00 [queued]>
[2025-07-31T16:02:31.567+0000] {taskinstance.py:2073} INFO - Dependencies all met for dep_context=requeueable deps ti=<TaskInstance: training_pipeline.train_model manual__2025-07-31T16:02:14.297843+00:00 [queued]>
[2025-07-31T16:02:31.568+0000] {taskinstance.py:2303} INFO - Starting attempt 1 of 4
[2025-07-31T16:02:31.585+0000] {taskinstance.py:2327} INFO - Executing <Task(PythonOperator): train_model> on 2025-07-31 16:02:14.297843+00:00
[2025-07-31T16:02:31.605+0000] {standard_task_runner.py:90} INFO - Running: ['***', 'tasks', 'run', 'training_pipeline', 'train_model', 'manual__2025-07-31T16:02:14.297843+00:00', '--job-id', '233', '--raw', '--subdir', 'DAGS_FOLDER/training_pipeline.py', '--cfg-path', '/tmp/tmpo2db28l3']
[2025-07-31T16:02:31.607+0000] {logging_mixin.py:188} WARNING - /home/***/.local/lib/python3.12/site-packages/***/task/task_runner/standard_task_runner.py:61 DeprecationWarning: This process (pid=13261) is multi-threaded, use of fork() may lead to deadlocks in the child.
[2025-07-31T16:02:31.608+0000] {standard_task_runner.py:91} INFO - Job 233: Subtask train_model
[2025-07-31T16:02:31.609+0000] {standard_task_runner.py:63} INFO - Started process 13279 to run task
[2025-07-31T16:02:31.629+0000] {logging_mixin.py:188} WARNING - /home/***/.local/lib/python3.12/site-packages/***/settings.py:195 DeprecationWarning: The sql_alchemy_conn option in [core] has been moved to the sql_alchemy_conn option in [database] - the old setting has been used, but please update your config.
[2025-07-31T16:02:31.687+0000] {task_command.py:426} INFO - Running <TaskInstance: training_pipeline.train_model manual__2025-07-31T16:02:14.297843+00:00 [running]> on host 44c57df83f33
[2025-07-31T16:02:31.858+0000] {taskinstance.py:2644} INFO - Exporting env vars: AIRFLOW_CTX_DAG_EMAIL='mlops_team@example.com' AIRFLOW_CTX_DAG_OWNER='mlops' AIRFLOW_CTX_DAG_ID='training_pipeline' AIRFLOW_CTX_TASK_ID='train_model' AIRFLOW_CTX_EXECUTION_DATE='2025-07-31T16:02:14.297843+00:00' AIRFLOW_CTX_TRY_NUMBER='1' AIRFLOW_CTX_DAG_RUN_ID='manual__2025-07-31T16:02:14.297843+00:00'
[2025-07-31T16:02:31.860+0000] {taskinstance.py:430} INFO - ::endgroup::
[2025-07-31T16:02:31.989+0000] {data_processing.py:41} INFO - Loaded 8669 records from S3: data/historical_BTC_USD_20250731120000.csv
[2025-07-31T16:02:32.034+0000] {data_processing.py:41} INFO - Loaded 8669 records from S3: data/historical_BTC_USD_20250731130000.csv
[2025-07-31T16:02:32.053+0000] {data_processing.py:41} INFO - Loaded 288 records from S3: data/historical_BTC_USD_20250731130525.csv
[2025-07-31T16:02:32.114+0000] {data_processing.py:41} INFO - Loaded 8640 records from S3: data/historical_BTC_USD_20250731131241.csv
[2025-07-31T16:02:32.183+0000] {data_processing.py:41} INFO - Loaded 8640 records from S3: data/historical_BTC_USD_20250731133338.csv
[2025-07-31T16:02:32.235+0000] {data_processing.py:41} INFO - Loaded 8669 records from S3: data/historical_BTC_USD_20250731140000.csv
[2025-07-31T16:02:32.282+0000] {data_processing.py:41} INFO - Loaded 8640 records from S3: data/historical_BTC_USD_20250731142123.csv
[2025-07-31T16:02:32.337+0000] {data_processing.py:41} INFO - Loaded 8669 records from S3: data/historical_BTC_USD_20250731150000.csv
[2025-07-31T16:02:32.381+0000] {data_processing.py:41} INFO - Loaded 8640 records from S3: data/historical_BTC_USD_20250731152644.csv
[2025-07-31T16:02:32.403+0000] {data_processing.py:41} INFO - Loaded 288 records from S3: data/historical_BTC_USD_20250731154536.csv
[2025-07-31T16:02:32.426+0000] {data_processing.py:41} INFO - Loaded 288 records from S3: data/historical_BTC_USD_20250731160221.csv
[2025-07-31T16:02:32.450+0000] {data_processing.py:84} INFO - Combined 8689 records for BTC-USD
[2025-07-31T16:02:32.650+0000] {data_processing.py:168} INFO - Removed 50 rows with NaN values. Final shape: (8639, 84)
[2025-07-31T16:02:32.660+0000] {logging_mixin.py:188} WARNING - /opt/***/src/data_processing.py:238 FutureWarning: DataFrame.fillna with 'method' is deprecated and will raise in a future version. Use obj.ffill() or obj.bfill() instead.
[2025-07-31T16:02:32.735+0000] {logging_mixin.py:188} WARNING - /opt/***/src/data_processing.py:187 FutureWarning: DataFrame.fillna with 'method' is deprecated and will raise in a future version. Use obj.ffill() or obj.bfill() instead.
[2025-07-31T16:02:32.746+0000] {data_processing.py:189} INFO - Prepared features: (8639, 80), Target: (8639,)
[2025-07-31T16:02:32.747+0000] {data_processing.py:190} INFO - Feature columns: 80
[2025-07-31T16:02:32.793+0000] {data_processing.py:211} INFO - Saved preprocessor to S3: s3://crypto-mlops-bucket/models/preprocessors/scaler_BTC_USD.pickle
[2025-07-31T16:02:32.922+0000] {logging_mixin.py:188} WARNING - 2025/07/31 16:02:32 WARNING mlflow.utils.git_utils: Failed to import Git (the Git executable is probably not on your PATH), so Git SHA is not available. Error: Failed to initialize: Bad git executable.
The git executable must be specified in one of the following ways:
    - be included in your $PATH
    - be set via $GIT_PYTHON_GIT_EXECUTABLE
    - explicitly set via git.refresh(<full-path-to-git-executable>)

All git commands will error until this is rectified.

This initial message can be silenced or aggravated in the future by setting the
$GIT_PYTHON_REFRESH environment variable. Use one of the following values:
    - quiet|q|silence|s|silent|none|n|0: for no message or exception
    - warn|w|warning|log|l|1: for a warning message (logging level CRITICAL, displayed by default)
    - error|e|exception|raise|r|2: for a raised exception

Example:
    export GIT_PYTHON_REFRESH=quiet
[2025-07-31T16:02:33.050+0000] {model.py:92} INFO - Starting hyperparameter optimization with 100 trials
[2025-07-31T16:02:33.571+0000] {logging_mixin.py:188} INFO - Training until validation scores don't improve for 100 rounds
[2025-07-31T16:02:34.680+0000] {logging_mixin.py:188} INFO - Early stopping, best iteration is:
[1]	valid_0's rmse: 0.0803701
[2025-07-31T16:02:34.760+0000] {logging_mixin.py:188} INFO - Training until validation scores don't improve for 100 rounds
[2025-07-31T16:02:35.214+0000] {logging_mixin.py:188} INFO - Early stopping, best iteration is:
[8]	valid_0's rmse: 0.0800153
[2025-07-31T16:02:35.380+0000] {logging_mixin.py:188} INFO - Training until validation scores don't improve for 100 rounds
[2025-07-31T16:02:35.843+0000] {logging_mixin.py:188} INFO - Early stopping, best iteration is:
[8]	valid_0's rmse: 0.0800511
[2025-07-31T16:02:35.959+0000] {logging_mixin.py:188} INFO - Training until validation scores don't improve for 100 rounds
[2025-07-31T16:02:36.308+0000] {logging_mixin.py:188} INFO - Early stopping, best iteration is:
[2]	valid_0's rmse: 0.0800455
[2025-07-31T16:02:36.390+0000] {logging_mixin.py:188} INFO - Training until validation scores don't improve for 100 rounds
[2025-07-31T16:02:37.283+0000] {logging_mixin.py:188} INFO - Early stopping, best iteration is:
[1]	valid_0's rmse: 0.0800384
[2025-07-31T16:02:37.375+0000] {logging_mixin.py:188} INFO - Training until validation scores don't improve for 100 rounds
[2025-07-31T16:02:37.486+0000] {logging_mixin.py:188} INFO - Early stopping, best iteration is:
[8]	valid_0's rmse: 0.0798731
[2025-07-31T16:02:37.567+0000] {logging_mixin.py:188} INFO - Training until validation scores don't improve for 100 rounds
[2025-07-31T16:02:38.811+0000] {logging_mixin.py:188} INFO - Early stopping, best iteration is:
[4]	valid_0's rmse: 0.0799126
[2025-07-31T16:02:38.957+0000] {logging_mixin.py:188} INFO - Training until validation scores don't improve for 100 rounds
[2025-07-31T16:02:39.752+0000] {logging_mixin.py:188} INFO - Early stopping, best iteration is:
[4]	valid_0's rmse: 0.0799475
[2025-07-31T16:02:39.852+0000] {logging_mixin.py:188} INFO - Training until validation scores don't improve for 100 rounds
[2025-07-31T16:02:39.988+0000] {logging_mixin.py:188} INFO - Early stopping, best iteration is:
[8]	valid_0's rmse: 0.0800719
[2025-07-31T16:02:40.077+0000] {logging_mixin.py:188} INFO - Training until validation scores don't improve for 100 rounds
[2025-07-31T16:02:40.768+0000] {logging_mixin.py:188} INFO - Early stopping, best iteration is:
[2]	valid_0's rmse: 0.0801944
[2025-07-31T16:02:40.913+0000] {logging_mixin.py:188} INFO - Training until validation scores don't improve for 100 rounds
[2025-07-31T16:02:41.339+0000] {logging_mixin.py:188} INFO - Early stopping, best iteration is:
[9]	valid_0's rmse: 0.0800104
[2025-07-31T16:02:41.507+0000] {logging_mixin.py:188} INFO - Training until validation scores don't improve for 100 rounds
[2025-07-31T16:02:45.852+0000] {logging_mixin.py:188} INFO - Early stopping, best iteration is:
[3]	valid_0's rmse: 0.0800717
[2025-07-31T16:02:46.951+0000] {logging_mixin.py:188} INFO - Training until validation scores don't improve for 100 rounds
[2025-07-31T16:02:59.962+0000] {logging_mixin.py:188} INFO - Early stopping, best iteration is:
[2]	valid_0's rmse: 0.0802504
[2025-07-31T16:03:00.188+0000] {logging_mixin.py:188} INFO - Training until validation scores don't improve for 100 rounds
[2025-07-31T16:03:00.835+0000] {logging_mixin.py:188} INFO - Early stopping, best iteration is:
[2]	valid_0's rmse: 0.0800152
[2025-07-31T16:03:01.060+0000] {logging_mixin.py:188} INFO - Training until validation scores don't improve for 100 rounds
[2025-07-31T16:03:07.070+0000] {logging_mixin.py:188} INFO - Early stopping, best iteration is:
[31]	valid_0's rmse: 0.0799907
[2025-07-31T16:03:07.188+0000] {logging_mixin.py:188} INFO - Training until validation scores don't improve for 100 rounds
[2025-07-31T16:03:07.528+0000] {logging_mixin.py:188} INFO - Early stopping, best iteration is:
[2]	valid_0's rmse: 0.0801661
[2025-07-31T16:03:07.712+0000] {logging_mixin.py:188} INFO - Training until validation scores don't improve for 100 rounds
[2025-07-31T16:03:08.379+0000] {logging_mixin.py:188} INFO - Early stopping, best iteration is:
[12]	valid_0's rmse: 0.0799974
[2025-07-31T16:03:08.496+0000] {logging_mixin.py:188} INFO - Training until validation scores don't improve for 100 rounds
[2025-07-31T16:03:11.006+0000] {logging_mixin.py:188} INFO - Early stopping, best iteration is:
[18]	valid_0's rmse: 0.0799182
[2025-07-31T16:03:11.178+0000] {logging_mixin.py:188} INFO - Training until validation scores don't improve for 100 rounds
[2025-07-31T16:03:11.354+0000] {logging_mixin.py:188} INFO - Early stopping, best iteration is:
[6]	valid_0's rmse: 0.0799484
[2025-07-31T16:03:11.471+0000] {logging_mixin.py:188} INFO - Training until validation scores don't improve for 100 rounds
[2025-07-31T16:03:11.891+0000] {logging_mixin.py:188} INFO - Early stopping, best iteration is:
[1]	valid_0's rmse: 0.0802648
[2025-07-31T16:03:12.006+0000] {logging_mixin.py:188} INFO - Training until validation scores don't improve for 100 rounds
[2025-07-31T16:03:13.190+0000] {logging_mixin.py:188} INFO - Early stopping, best iteration is:
[5]	valid_0's rmse: 0.0799043
[2025-07-31T16:03:13.446+0000] {logging_mixin.py:188} INFO - Training until validation scores don't improve for 100 rounds
[2025-07-31T16:03:14.244+0000] {logging_mixin.py:188} INFO - Early stopping, best iteration is:
[8]	valid_0's rmse: 0.0799108
[2025-07-31T16:03:14.468+0000] {logging_mixin.py:188} INFO - Training until validation scores don't improve for 100 rounds
[2025-07-31T16:03:15.725+0000] {logging_mixin.py:188} INFO - Early stopping, best iteration is:
[1]	valid_0's rmse: 0.080119
[2025-07-31T16:03:16.272+0000] {logging_mixin.py:188} INFO - Training until validation scores don't improve for 100 rounds
[2025-07-31T16:03:14.433+0000] {logging_mixin.py:188} INFO - Early stopping, best iteration is:
[3]	valid_0's rmse: 0.0800289
[2025-07-31T16:03:14.570+0000] {logging_mixin.py:188} INFO - Training until validation scores don't improve for 100 rounds
[2025-07-31T16:03:16.206+0000] {logging_mixin.py:188} INFO - Early stopping, best iteration is:
[3]	valid_0's rmse: 0.0801046
[2025-07-31T16:03:16.364+0000] {logging_mixin.py:188} INFO - Training until validation scores don't improve for 100 rounds
[2025-07-31T16:03:24.792+0000] {logging_mixin.py:188} INFO - Early stopping, best iteration is:
[1]	valid_0's rmse: 0.0800684
[2025-07-31T16:03:26.837+0000] {logging_mixin.py:188} INFO - Training until validation scores don't improve for 100 rounds
[2025-07-31T16:03:38.812+0000] {logging_mixin.py:188} INFO - Early stopping, best iteration is:
[5]	valid_0's rmse: 0.0800899
[2025-07-31T16:03:39.270+0000] {logging_mixin.py:188} INFO - Training until validation scores don't improve for 100 rounds
[2025-07-31T16:03:40.222+0000] {logging_mixin.py:188} INFO - Early stopping, best iteration is:
[1]	valid_0's rmse: 0.080272
[2025-07-31T16:03:40.349+0000] {logging_mixin.py:188} INFO - Training until validation scores don't improve for 100 rounds
[2025-07-31T16:03:40.798+0000] {logging_mixin.py:188} INFO - Early stopping, best iteration is:
[4]	valid_0's rmse: 0.0800509
[2025-07-31T16:03:40.921+0000] {logging_mixin.py:188} INFO - Training until validation scores don't improve for 100 rounds
[2025-07-31T16:03:41.469+0000] {logging_mixin.py:188} INFO - Early stopping, best iteration is:
[2]	valid_0's rmse: 0.0802494
[2025-07-31T16:03:41.587+0000] {logging_mixin.py:188} INFO - Training until validation scores don't improve for 100 rounds
[2025-07-31T16:03:42.103+0000] {logging_mixin.py:188} INFO - Early stopping, best iteration is:
[8]	valid_0's rmse: 0.0800729
[2025-07-31T16:03:42.308+0000] {logging_mixin.py:188} INFO - Training until validation scores don't improve for 100 rounds
[2025-07-31T16:03:43.170+0000] {logging_mixin.py:188} INFO - Early stopping, best iteration is:
[7]	valid_0's rmse: 0.0797479
[2025-07-31T16:03:43.290+0000] {logging_mixin.py:188} INFO - Training until validation scores don't improve for 100 rounds
[2025-07-31T16:03:41.506+0000] {logging_mixin.py:188} INFO - Early stopping, best iteration is:
[7]	valid_0's rmse: 0.0799296
[2025-07-31T16:03:41.628+0000] {logging_mixin.py:188} INFO - Training until validation scores don't improve for 100 rounds
[2025-07-31T16:03:41.752+0000] {logging_mixin.py:188} INFO - Early stopping, best iteration is:
[9]	valid_0's rmse: 0.0799629
[2025-07-31T16:03:41.870+0000] {logging_mixin.py:188} INFO - Training until validation scores don't improve for 100 rounds
[2025-07-31T16:03:42.004+0000] {logging_mixin.py:188} INFO - Early stopping, best iteration is:
[3]	valid_0's rmse: 0.0800382
[2025-07-31T16:03:42.132+0000] {logging_mixin.py:188} INFO - Training until validation scores don't improve for 100 rounds
[2025-07-31T16:03:42.867+0000] {logging_mixin.py:188} INFO - Early stopping, best iteration is:
[2]	valid_0's rmse: 0.0800849
[2025-07-31T16:03:43.063+0000] {logging_mixin.py:188} INFO - Training until validation scores don't improve for 100 rounds
[2025-07-31T16:03:43.583+0000] {logging_mixin.py:188} INFO - Early stopping, best iteration is:
[8]	valid_0's rmse: 0.0800458
[2025-07-31T16:03:43.714+0000] {logging_mixin.py:188} INFO - Training until validation scores don't improve for 100 rounds
[2025-07-31T16:03:46.384+0000] {logging_mixin.py:188} INFO - Early stopping, best iteration is:
[1]	valid_0's rmse: 0.080086
[2025-07-31T16:03:46.720+0000] {logging_mixin.py:188} INFO - Training until validation scores don't improve for 100 rounds
[2025-07-31T16:03:46.976+0000] {logging_mixin.py:188} INFO - Early stopping, best iteration is:
[8]	valid_0's rmse: 0.0800041
[2025-07-31T16:03:47.181+0000] {logging_mixin.py:188} INFO - Training until validation scores don't improve for 100 rounds
[2025-07-31T16:03:47.556+0000] {logging_mixin.py:188} INFO - Early stopping, best iteration is:
[7]	valid_0's rmse: 0.0800032
[2025-07-31T16:03:47.766+0000] {logging_mixin.py:188} INFO - Training until validation scores don't improve for 100 rounds
[2025-07-31T16:03:48.272+0000] {logging_mixin.py:188} INFO - Early stopping, best iteration is:
[2]	valid_0's rmse: 0.0800891
[2025-07-31T16:03:48.394+0000] {logging_mixin.py:188} INFO - Training until validation scores don't improve for 100 rounds
[2025-07-31T16:03:49.081+0000] {logging_mixin.py:188} INFO - Early stopping, best iteration is:
[9]	valid_0's rmse: 0.0797788
[2025-07-31T16:03:49.242+0000] {logging_mixin.py:188} INFO - Training until validation scores don't improve for 100 rounds
[2025-07-31T16:03:50.056+0000] {logging_mixin.py:188} INFO - Early stopping, best iteration is:
[1]	valid_0's rmse: 0.0799814
[2025-07-31T16:03:50.188+0000] {logging_mixin.py:188} INFO - Training until validation scores don't improve for 100 rounds
[2025-07-31T16:03:50.807+0000] {logging_mixin.py:188} INFO - Early stopping, best iteration is:
[5]	valid_0's rmse: 0.0798565
[2025-07-31T16:03:50.931+0000] {logging_mixin.py:188} INFO - Training until validation scores don't improve for 100 rounds
[2025-07-31T16:03:51.368+0000] {logging_mixin.py:188} INFO - Early stopping, best iteration is:
[3]	valid_0's rmse: 0.0800067
[2025-07-31T16:03:51.492+0000] {logging_mixin.py:188} INFO - Training until validation scores don't improve for 100 rounds
[2025-07-31T16:03:51.802+0000] {logging_mixin.py:188} INFO - Early stopping, best iteration is:
[1]	valid_0's rmse: 0.0800813
[2025-07-31T16:03:51.934+0000] {logging_mixin.py:188} INFO - Training until validation scores don't improve for 100 rounds
[2025-07-31T16:03:52.670+0000] {logging_mixin.py:188} INFO - Early stopping, best iteration is:
[2]	valid_0's rmse: 0.0801637
[2025-07-31T16:03:52.794+0000] {logging_mixin.py:188} INFO - Training until validation scores don't improve for 100 rounds
[2025-07-31T16:03:53.043+0000] {logging_mixin.py:188} INFO - Early stopping, best iteration is:
[6]	valid_0's rmse: 0.0800271
[2025-07-31T16:03:53.252+0000] {logging_mixin.py:188} INFO - Training until validation scores don't improve for 100 rounds
[2025-07-31T16:03:53.576+0000] {logging_mixin.py:188} INFO - Early stopping, best iteration is:
[1]	valid_0's rmse: 0.0801039
[2025-07-31T16:03:53.705+0000] {logging_mixin.py:188} INFO - Training until validation scores don't improve for 100 rounds
[2025-07-31T16:03:53.807+0000] {logging_mixin.py:188} INFO - Early stopping, best iteration is:
[2]	valid_0's rmse: 0.0800162
[2025-07-31T16:03:53.926+0000] {logging_mixin.py:188} INFO - Training until validation scores don't improve for 100 rounds
[2025-07-31T16:03:54.464+0000] {logging_mixin.py:188} INFO - Early stopping, best iteration is:
[1]	valid_0's rmse: 0.0800275
[2025-07-31T16:03:54.793+0000] {logging_mixin.py:188} INFO - Training until validation scores don't improve for 100 rounds
[2025-07-31T16:03:57.443+0000] {logging_mixin.py:188} INFO - Early stopping, best iteration is:
[9]	valid_0's rmse: 0.0799234
[2025-07-31T16:03:57.696+0000] {logging_mixin.py:188} INFO - Training until validation scores don't improve for 100 rounds
[2025-07-31T16:04:15.702+0000] {logging_mixin.py:188} INFO - Early stopping, best iteration is:
[1]	valid_0's rmse: 0.080053
[2025-07-31T16:04:15.995+0000] {logging_mixin.py:188} INFO - Training until validation scores don't improve for 100 rounds
[2025-07-31T16:04:17.588+0000] {logging_mixin.py:188} INFO - Early stopping, best iteration is:
[4]	valid_0's rmse: 0.0801061
[2025-07-31T16:04:17.714+0000] {logging_mixin.py:188} INFO - Training until validation scores don't improve for 100 rounds
[2025-07-31T16:04:18.422+0000] {logging_mixin.py:188} INFO - Early stopping, best iteration is:
[17]	valid_0's rmse: 0.0798323
[2025-07-31T16:04:18.586+0000] {logging_mixin.py:188} INFO - Training until validation scores don't improve for 100 rounds
[2025-07-31T16:04:19.240+0000] {logging_mixin.py:188} INFO - Early stopping, best iteration is:
[2]	valid_0's rmse: 0.079993
[2025-07-31T16:04:19.364+0000] {logging_mixin.py:188} INFO - Training until validation scores don't improve for 100 rounds
[2025-07-31T16:04:19.557+0000] {logging_mixin.py:188} INFO - Early stopping, best iteration is:
[3]	valid_0's rmse: 0.0798404
[2025-07-31T16:04:19.684+0000] {logging_mixin.py:188} INFO - Training until validation scores don't improve for 100 rounds
[2025-07-31T16:04:20.210+0000] {logging_mixin.py:188} INFO - Early stopping, best iteration is:
[3]	valid_0's rmse: 0.0800875
[2025-07-31T16:04:20.347+0000] {logging_mixin.py:188} INFO - Training until validation scores don't improve for 100 rounds
[2025-07-31T16:04:20.516+0000] {logging_mixin.py:188} INFO - Early stopping, best iteration is:
[5]	valid_0's rmse: 0.0798859
[2025-07-31T16:04:20.721+0000] {logging_mixin.py:188} INFO - Training until validation scores don't improve for 100 rounds
[2025-07-31T16:04:20.978+0000] {logging_mixin.py:188} INFO - Early stopping, best iteration is:
[4]	valid_0's rmse: 0.0800516
[2025-07-31T16:04:21.175+0000] {logging_mixin.py:188} INFO - Training until validation scores don't improve for 100 rounds
[2025-07-31T16:04:21.765+0000] {logging_mixin.py:188} INFO - Early stopping, best iteration is:
[2]	valid_0's rmse: 0.0800155
[2025-07-31T16:04:21.900+0000] {logging_mixin.py:188} INFO - Training until validation scores don't improve for 100 rounds
[2025-07-31T16:04:22.265+0000] {logging_mixin.py:188} INFO - Early stopping, best iteration is:
[10]	valid_0's rmse: 0.0799757
[2025-07-31T16:04:22.410+0000] {logging_mixin.py:188} INFO - Training until validation scores don't improve for 100 rounds
[2025-07-31T16:04:23.905+0000] {logging_mixin.py:188} INFO - Early stopping, best iteration is:
[4]	valid_0's rmse: 0.0799486
[2025-07-31T16:04:24.206+0000] {logging_mixin.py:188} INFO - Training until validation scores don't improve for 100 rounds
[2025-07-31T16:04:25.210+0000] {logging_mixin.py:188} INFO - Early stopping, best iteration is:
[6]	valid_0's rmse: 0.0797702
[2025-07-31T16:04:25.369+0000] {logging_mixin.py:188} INFO - Training until validation scores don't improve for 100 rounds
[2025-07-31T16:04:25.851+0000] {logging_mixin.py:188} INFO - Early stopping, best iteration is:
[1]	valid_0's rmse: 0.0799392
[2025-07-31T16:04:26.051+0000] {logging_mixin.py:188} INFO - Training until validation scores don't improve for 100 rounds
[2025-07-31T16:04:26.292+0000] {logging_mixin.py:188} INFO - Early stopping, best iteration is:
[3]	valid_0's rmse: 0.0797666
[2025-07-31T16:04:26.496+0000] {logging_mixin.py:188} INFO - Training until validation scores don't improve for 100 rounds
[2025-07-31T16:04:26.868+0000] {logging_mixin.py:188} INFO - Early stopping, best iteration is:
[6]	valid_0's rmse: 0.0798431
[2025-07-31T16:04:27.123+0000] {logging_mixin.py:188} INFO - Training until validation scores don't improve for 100 rounds
[2025-07-31T16:04:27.473+0000] {logging_mixin.py:188} INFO - Early stopping, best iteration is:
[2]	valid_0's rmse: 0.0799409
[2025-07-31T16:04:27.780+0000] {logging_mixin.py:188} INFO - Training until validation scores don't improve for 100 rounds
[2025-07-31T16:04:28.012+0000] {logging_mixin.py:188} INFO - Early stopping, best iteration is:
[1]	valid_0's rmse: 0.0799695
[2025-07-31T16:04:28.265+0000] {logging_mixin.py:188} INFO - Training until validation scores don't improve for 100 rounds
[2025-07-31T16:04:28.822+0000] {logging_mixin.py:188} INFO - Early stopping, best iteration is:
[1]	valid_0's rmse: 0.0799894
[2025-07-31T16:04:29.725+0000] {logging_mixin.py:188} INFO - Training until validation scores don't improve for 100 rounds
[2025-07-31T16:04:30.797+0000] {logging_mixin.py:188} INFO - Early stopping, best iteration is:
[6]	valid_0's rmse: 0.0798814
[2025-07-31T16:04:31.033+0000] {logging_mixin.py:188} INFO - Training until validation scores don't improve for 100 rounds
[2025-07-31T16:04:31.473+0000] {logging_mixin.py:188} INFO - Early stopping, best iteration is:
[4]	valid_0's rmse: 0.0800881
[2025-07-31T16:04:31.601+0000] {logging_mixin.py:188} INFO - Training until validation scores don't improve for 100 rounds
[2025-07-31T16:04:32.356+0000] {logging_mixin.py:188} INFO - Early stopping, best iteration is:
[7]	valid_0's rmse: 0.079894
[2025-07-31T16:04:32.488+0000] {logging_mixin.py:188} INFO - Training until validation scores don't improve for 100 rounds
[2025-07-31T16:04:33.728+0000] {logging_mixin.py:188} INFO - Early stopping, best iteration is:
[6]	valid_0's rmse: 0.0798835
[2025-07-31T16:04:33.911+0000] {logging_mixin.py:188} INFO - Training until validation scores don't improve for 100 rounds
[2025-07-31T16:04:35.408+0000] {logging_mixin.py:188} INFO - Early stopping, best iteration is:
[2]	valid_0's rmse: 0.080042
[2025-07-31T16:04:35.532+0000] {logging_mixin.py:188} INFO - Training until validation scores don't improve for 100 rounds
[2025-07-31T16:04:35.897+0000] {logging_mixin.py:188} INFO - Early stopping, best iteration is:
[2]	valid_0's rmse: 0.0800545
[2025-07-31T16:04:36.041+0000] {logging_mixin.py:188} INFO - Training until validation scores don't improve for 100 rounds
[2025-07-31T16:04:43.414+0000] {logging_mixin.py:188} INFO - Early stopping, best iteration is:
[2]	valid_0's rmse: 0.0802008
[2025-07-31T16:04:43.738+0000] {logging_mixin.py:188} INFO - Training until validation scores don't improve for 100 rounds
[2025-07-31T16:04:44.077+0000] {logging_mixin.py:188} INFO - Early stopping, best iteration is:
[2]	valid_0's rmse: 0.0800017
[2025-07-31T16:04:44.247+0000] {logging_mixin.py:188} INFO - Training until validation scores don't improve for 100 rounds
[2025-07-31T16:04:45.057+0000] {logging_mixin.py:188} INFO - Early stopping, best iteration is:
[6]	valid_0's rmse: 0.0797057
[2025-07-31T16:04:45.187+0000] {logging_mixin.py:188} INFO - Training until validation scores don't improve for 100 rounds
[2025-07-31T16:04:46.001+0000] {logging_mixin.py:188} INFO - Early stopping, best iteration is:
[1]	valid_0's rmse: 0.0801159
[2025-07-31T16:04:46.180+0000] {logging_mixin.py:188} INFO - Training until validation scores don't improve for 100 rounds
[2025-07-31T16:04:56.989+0000] {logging_mixin.py:188} INFO - Early stopping, best iteration is:
[2]	valid_0's rmse: 0.0799995
[2025-07-31T16:04:57.188+0000] {logging_mixin.py:188} INFO - Training until validation scores don't improve for 100 rounds
[2025-07-31T16:04:57.765+0000] {logging_mixin.py:188} INFO - Early stopping, best iteration is:
[5]	valid_0's rmse: 0.0797855
[2025-07-31T16:04:57.941+0000] {logging_mixin.py:188} INFO - Training until validation scores don't improve for 100 rounds
[2025-07-31T16:04:58.764+0000] {logging_mixin.py:188} INFO - Early stopping, best iteration is:
[1]	valid_0's rmse: 0.0800469
[2025-07-31T16:04:58.896+0000] {logging_mixin.py:188} INFO - Training until validation scores don't improve for 100 rounds
[2025-07-31T16:05:00.984+0000] {logging_mixin.py:188} INFO - Early stopping, best iteration is:
[4]	valid_0's rmse: 0.0800078
[2025-07-31T16:05:01.317+0000] {logging_mixin.py:188} INFO - Training until validation scores don't improve for 100 rounds
[2025-07-31T16:05:02.456+0000] {logging_mixin.py:188} INFO - Early stopping, best iteration is:
[3]	valid_0's rmse: 0.0800528
[2025-07-31T16:05:02.693+0000] {logging_mixin.py:188} INFO - Training until validation scores don't improve for 100 rounds
[2025-07-31T16:05:02.942+0000] {logging_mixin.py:188} INFO - Early stopping, best iteration is:
[1]	valid_0's rmse: 0.0801151
[2025-07-31T16:05:03.250+0000] {logging_mixin.py:188} INFO - Training until validation scores don't improve for 100 rounds
[2025-07-31T16:05:04.097+0000] {logging_mixin.py:188} INFO - Early stopping, best iteration is:
[1]	valid_0's rmse: 0.0801823
[2025-07-31T16:05:04.241+0000] {logging_mixin.py:188} INFO - Training until validation scores don't improve for 100 rounds
[2025-07-31T16:05:04.744+0000] {logging_mixin.py:188} INFO - Early stopping, best iteration is:
[1]	valid_0's rmse: 0.0800424
[2025-07-31T16:05:04.928+0000] {logging_mixin.py:188} INFO - Training until validation scores don't improve for 100 rounds
[2025-07-31T16:05:05.279+0000] {logging_mixin.py:188} INFO - Early stopping, best iteration is:
[4]	valid_0's rmse: 0.0799697
[2025-07-31T16:05:05.415+0000] {logging_mixin.py:188} INFO - Training until validation scores don't improve for 100 rounds
[2025-07-31T16:05:06.008+0000] {logging_mixin.py:188} INFO - Early stopping, best iteration is:
[1]	valid_0's rmse: 0.080187
[2025-07-31T16:05:06.177+0000] {logging_mixin.py:188} INFO - Training until validation scores don't improve for 100 rounds
[2025-07-31T16:05:04.577+0000] {logging_mixin.py:188} INFO - Early stopping, best iteration is:
[1]	valid_0's rmse: 0.0800107
[2025-07-31T16:05:04.747+0000] {logging_mixin.py:188} INFO - Training until validation scores don't improve for 100 rounds
[2025-07-31T16:05:05.146+0000] {logging_mixin.py:188} INFO - Early stopping, best iteration is:
[3]	valid_0's rmse: 0.0798643
[2025-07-31T16:05:05.319+0000] {logging_mixin.py:188} INFO - Training until validation scores don't improve for 100 rounds
[2025-07-31T16:05:05.900+0000] {logging_mixin.py:188} INFO - Early stopping, best iteration is:
[3]	valid_0's rmse: 0.0798104
[2025-07-31T16:05:06.031+0000] {logging_mixin.py:188} INFO - Training until validation scores don't improve for 100 rounds
[2025-07-31T16:05:06.416+0000] {logging_mixin.py:188} INFO - Early stopping, best iteration is:
[1]	valid_0's rmse: 0.0801194
[2025-07-31T16:05:06.577+0000] {logging_mixin.py:188} INFO - Training until validation scores don't improve for 100 rounds
[2025-07-31T16:05:07.000+0000] {logging_mixin.py:188} INFO - Early stopping, best iteration is:
[2]	valid_0's rmse: 0.0799865
[2025-07-31T16:05:07.178+0000] {logging_mixin.py:188} INFO - Training until validation scores don't improve for 100 rounds
[2025-07-31T16:05:11.260+0000] {logging_mixin.py:188} INFO - Early stopping, best iteration is:
[5]	valid_0's rmse: 0.0799453
[2025-07-31T16:05:11.514+0000] {logging_mixin.py:188} INFO - Training until validation scores don't improve for 100 rounds
[2025-07-31T16:05:23.924+0000] {logging_mixin.py:188} INFO - Early stopping, best iteration is:
[6]	valid_0's rmse: 0.0800336
[2025-07-31T16:05:24.087+0000] {logging_mixin.py:188} INFO - Training until validation scores don't improve for 100 rounds
[2025-07-31T16:05:24.921+0000] {logging_mixin.py:188} INFO - Early stopping, best iteration is:
[2]	valid_0's rmse: 0.0799733
[2025-07-31T16:05:25.056+0000] {logging_mixin.py:188} INFO - Training until validation scores don't improve for 100 rounds
[2025-07-31T16:05:25.862+0000] {logging_mixin.py:188} INFO - Early stopping, best iteration is:
[3]	valid_0's rmse: 0.0800715
[2025-07-31T16:05:26.018+0000] {logging_mixin.py:188} INFO - Training until validation scores don't improve for 100 rounds
[2025-07-31T16:05:34.848+0000] {logging_mixin.py:188} INFO - Early stopping, best iteration is:
[3]	valid_0's rmse: 0.0799604
[2025-07-31T16:05:34.876+0000] {model.py:100} INFO - Best parameters: {'num_leaves': 25, 'learning_rate': 0.168893417768035, 'feature_fraction': 0.8978407022610632, 'bagging_fraction': 0.7471573146909772, 'bagging_freq': 3, 'min_child_samples': 28, 'max_depth': 6, 'reg_alpha': 0.9480009397487025, 'reg_lambda': 0.21056872788250308}
[2025-07-31T16:05:34.889+0000] {model.py:101} INFO - Best RMSE: 0.0797
[2025-07-31T16:05:35.171+0000] {logging_mixin.py:188} INFO - Training until validation scores don't improve for 100 rounds
[2025-07-31T16:05:37.926+0000] {logging_mixin.py:188} INFO - [100]	train's rmse: 0.0715387	val's rmse: 0.084841
[2025-07-31T16:05:37.946+0000] {logging_mixin.py:188} INFO - Early stopping, best iteration is:
[6]	train's rmse: 0.0986011	val's rmse: 0.0797057
[2025-07-31T16:05:38.045+0000] {credentials.py:1147} INFO - Found credentials in environment variables.
[2025-07-31T16:05:44.172+0000] {logging_mixin.py:188} WARNING - 2025/07/31 16:05:44 WARNING mlflow.models.model: Model logged without a signature and input example. Please set `input_example` parameter when logging the model to auto infer the model signature.
[2025-07-31T16:05:44.365+0000] {logging_mixin.py:188} WARNING - Registered model 'crypto_lightgbm_model_BTC_USD' already exists. Creating a new version of this model...
[2025-07-31T16:05:44.440+0000] {logging_mixin.py:188} WARNING - 2025/07/31 16:05:44 INFO mlflow.store.model_registry.abstract_store: Waiting up to 300 seconds for model version to finish creation. Model name: crypto_lightgbm_model_BTC_USD, version 18
[2025-07-31T16:05:44.441+0000] {logging_mixin.py:188} WARNING - Created version '18' of model 'crypto_lightgbm_model_BTC_USD'.
[2025-07-31T16:05:44.443+0000] {model.py:207} INFO - Training completed. MLflow run ID: 4ac7d520487e4031b736f7a6482aff3e
[2025-07-31T16:05:44.496+0000] {logging_mixin.py:188} INFO - 🏃 View run lightgbm_training_BTC-USD_20250731_160232 at: http://mlflow:5000/#/experiments/0/runs/4ac7d520487e4031b736f7a6482aff3e
[2025-07-31T16:05:44.497+0000] {logging_mixin.py:188} INFO - 🧪 View experiment at: http://mlflow:5000/#/experiments/0
[2025-07-31T16:05:44.530+0000] {taskinstance.py:441} INFO - ::group::Post task execution logs
[2025-07-31T16:05:44.532+0000] {taskinstance.py:2890} ERROR - Task failed with exception
Traceback (most recent call last):
  File "/home/airflow/.local/lib/python3.12/site-packages/airflow/models/taskinstance.py", line 465, in _execute_task
    result = _execute_callable(context=context, **execute_callable_kwargs)
             ^^^^^^^^^^^^^^^^^^^^^^^^^^^^^^^^^^^^^^^^^^^^^^^^^^^^^^^^^^^^^
  File "/home/airflow/.local/lib/python3.12/site-packages/airflow/models/taskinstance.py", line 432, in _execute_callable
    return execute_callable(context=context, **execute_callable_kwargs)
           ^^^^^^^^^^^^^^^^^^^^^^^^^^^^^^^^^^^^^^^^^^^^^^^^^^^^^^^^^^^^
  File "/home/airflow/.local/lib/python3.12/site-packages/airflow/models/baseoperator.py", line 400, in wrapper
    return func(self, *args, **kwargs)
           ^^^^^^^^^^^^^^^^^^^^^^^^^^^
  File "/home/airflow/.local/lib/python3.12/site-packages/airflow/operators/python.py", line 235, in execute
    return_value = self.execute_callable()
                   ^^^^^^^^^^^^^^^^^^^^^^^
  File "/home/airflow/.local/lib/python3.12/site-packages/airflow/operators/python.py", line 252, in execute_callable
    return self.python_callable(*self.op_args, **self.op_kwargs)
           ^^^^^^^^^^^^^^^^^^^^^^^^^^^^^^^^^^^^^^^^^^^^^^^^^^^^^
  File "/opt/airflow/dags/training_pipeline.py", line 132, in train
    result = model.train_model(
             ^^^^^^^^^^^^^^^^^^
  File "/opt/airflow/src/model.py", line 208, in train_model
    self.save_metrics_to_s3(
TypeError: CryptoLightGBMModel.save_metrics_to_s3() missing 1 required positional argument: 'run_id'
[2025-07-31T16:05:44.556+0000] {taskinstance.py:1205} INFO - Marking task as UP_FOR_RETRY. dag_id=training_pipeline, task_id=train_model, execution_date=20250731T160214, start_date=20250731T160231, end_date=20250731T160544
[2025-07-31T16:05:44.576+0000] {logging_mixin.py:188} WARNING - /home/***/.local/lib/python3.12/site-packages/***/utils/email.py:154 RemovedInAirflow3Warning: Fetching SMTP credentials from configuration variables will be deprecated in a future release. Please set credentials using a connection instead.
[2025-07-31T16:05:44.576+0000] {configuration.py:1050} WARNING - section/key [smtp/smtp_user] not found in config
[2025-07-31T16:05:44.577+0000] {email.py:271} INFO - Email alerting: attempt 1
[2025-07-31T16:05:44.586+0000] {configuration.py:1050} WARNING - section/key [smtp/smtp_user] not found in config
[2025-07-31T16:05:44.586+0000] {email.py:271} INFO - Email alerting: attempt 1
[2025-07-31T16:05:44.587+0000] {taskinstance.py:879} ERROR - Failed to send email to: ['mlops_team@example.com']
Traceback (most recent call last):
  File "/home/airflow/.local/lib/python3.12/site-packages/airflow/models/taskinstance.py", line 2476, in _run_raw_task
    self._execute_task_with_callbacks(context, test_mode, session=session)
  File "/home/airflow/.local/lib/python3.12/site-packages/airflow/models/taskinstance.py", line 2663, in _execute_task_with_callbacks
    result = self._execute_task(context, task_orig)
             ^^^^^^^^^^^^^^^^^^^^^^^^^^^^^^^^^^^^^^
  File "/home/airflow/.local/lib/python3.12/site-packages/airflow/models/taskinstance.py", line 2686, in _execute_task
    return _execute_task(self, context, task_orig)
           ^^^^^^^^^^^^^^^^^^^^^^^^^^^^^^^^^^^^^^^
  File "/home/airflow/.local/lib/python3.12/site-packages/airflow/models/taskinstance.py", line 465, in _execute_task
    result = _execute_callable(context=context, **execute_callable_kwargs)
             ^^^^^^^^^^^^^^^^^^^^^^^^^^^^^^^^^^^^^^^^^^^^^^^^^^^^^^^^^^^^^
  File "/home/airflow/.local/lib/python3.12/site-packages/airflow/models/taskinstance.py", line 432, in _execute_callable
    return execute_callable(context=context, **execute_callable_kwargs)
           ^^^^^^^^^^^^^^^^^^^^^^^^^^^^^^^^^^^^^^^^^^^^^^^^^^^^^^^^^^^^
  File "/home/airflow/.local/lib/python3.12/site-packages/airflow/models/baseoperator.py", line 400, in wrapper
    return func(self, *args, **kwargs)
           ^^^^^^^^^^^^^^^^^^^^^^^^^^^
  File "/home/airflow/.local/lib/python3.12/site-packages/airflow/operators/python.py", line 235, in execute
    return_value = self.execute_callable()
                   ^^^^^^^^^^^^^^^^^^^^^^^
  File "/home/airflow/.local/lib/python3.12/site-packages/airflow/operators/python.py", line 252, in execute_callable
    return self.python_callable(*self.op_args, **self.op_kwargs)
           ^^^^^^^^^^^^^^^^^^^^^^^^^^^^^^^^^^^^^^^^^^^^^^^^^^^^^
  File "/opt/airflow/dags/training_pipeline.py", line 132, in train
    result = model.train_model(
             ^^^^^^^^^^^^^^^^^^
  File "/opt/airflow/src/model.py", line 208, in train_model
    self.save_metrics_to_s3(
TypeError: CryptoLightGBMModel.save_metrics_to_s3() missing 1 required positional argument: 'run_id'

During handling of the above exception, another exception occurred:

Traceback (most recent call last):
  File "/home/airflow/.local/lib/python3.12/site-packages/airflow/models/taskinstance.py", line 1063, in _email_alert
    send_email(task.email, subject, html_content)
  File "/home/airflow/.local/lib/python3.12/site-packages/airflow/utils/email.py", line 80, in send_email
    return backend(
           ^^^^^^^^
  File "/home/airflow/.local/lib/python3.12/site-packages/airflow/utils/email.py", line 154, in send_email_smtp
    send_mime_email(e_from=mail_from, e_to=recipients, mime_msg=msg, conn_id=conn_id, dryrun=dryrun)
  File "/home/airflow/.local/lib/python3.12/site-packages/airflow/utils/email.py", line 273, in send_mime_email
    smtp_conn = _get_smtp_connection(smtp_host, smtp_port, smtp_timeout, smtp_ssl)
                ^^^^^^^^^^^^^^^^^^^^^^^^^^^^^^^^^^^^^^^^^^^^^^^^^^^^^^^^^^^^^^^^^^
  File "/home/airflow/.local/lib/python3.12/site-packages/airflow/utils/email.py", line 317, in _get_smtp_connection
    return smtplib.SMTP(host=host, port=port, timeout=timeout)
           ^^^^^^^^^^^^^^^^^^^^^^^^^^^^^^^^^^^^^^^^^^^^^^^^^^^
  File "/usr/local/lib/python3.12/smtplib.py", line 255, in __init__
    (code, msg) = self.connect(host, port)
                  ^^^^^^^^^^^^^^^^^^^^^^^^
  File "/usr/local/lib/python3.12/smtplib.py", line 341, in connect
    self.sock = self._get_socket(host, port, self.timeout)
                ^^^^^^^^^^^^^^^^^^^^^^^^^^^^^^^^^^^^^^^^^^
  File "/usr/local/lib/python3.12/smtplib.py", line 312, in _get_socket
    return socket.create_connection((host, port), timeout,
           ^^^^^^^^^^^^^^^^^^^^^^^^^^^^^^^^^^^^^^^^^^^^^^^
  File "/usr/local/lib/python3.12/socket.py", line 852, in create_connection
    raise exceptions[0]
  File "/usr/local/lib/python3.12/socket.py", line 837, in create_connection
    sock.connect(sa)
ConnectionRefusedError: [Errno 111] Connection refused

During handling of the above exception, another exception occurred:

Traceback (most recent call last):
  File "/home/airflow/.local/lib/python3.12/site-packages/airflow/models/taskinstance.py", line 877, in _handle_failure
    task_instance.email_alert(error, failure_context["task"])
  File "/home/airflow/.local/lib/python3.12/site-packages/airflow/models/taskinstance.py", line 3148, in email_alert
    _email_alert(task_instance=self, exception=exception, task=task)
  File "/home/airflow/.local/lib/python3.12/site-packages/airflow/models/taskinstance.py", line 1065, in _email_alert
    send_email(task.email, subject, html_content_err)
  File "/home/airflow/.local/lib/python3.12/site-packages/airflow/utils/email.py", line 80, in send_email
    return backend(
           ^^^^^^^^
  File "/home/airflow/.local/lib/python3.12/site-packages/airflow/utils/email.py", line 154, in send_email_smtp
    send_mime_email(e_from=mail_from, e_to=recipients, mime_msg=msg, conn_id=conn_id, dryrun=dryrun)
  File "/home/airflow/.local/lib/python3.12/site-packages/airflow/utils/email.py", line 273, in send_mime_email
    smtp_conn = _get_smtp_connection(smtp_host, smtp_port, smtp_timeout, smtp_ssl)
                ^^^^^^^^^^^^^^^^^^^^^^^^^^^^^^^^^^^^^^^^^^^^^^^^^^^^^^^^^^^^^^^^^^
  File "/home/airflow/.local/lib/python3.12/site-packages/airflow/utils/email.py", line 317, in _get_smtp_connection
    return smtplib.SMTP(host=host, port=port, timeout=timeout)
           ^^^^^^^^^^^^^^^^^^^^^^^^^^^^^^^^^^^^^^^^^^^^^^^^^^^
  File "/usr/local/lib/python3.12/smtplib.py", line 255, in __init__
    (code, msg) = self.connect(host, port)
                  ^^^^^^^^^^^^^^^^^^^^^^^^
  File "/usr/local/lib/python3.12/smtplib.py", line 341, in connect
    self.sock = self._get_socket(host, port, self.timeout)
                ^^^^^^^^^^^^^^^^^^^^^^^^^^^^^^^^^^^^^^^^^^
  File "/usr/local/lib/python3.12/smtplib.py", line 312, in _get_socket
    return socket.create_connection((host, port), timeout,
           ^^^^^^^^^^^^^^^^^^^^^^^^^^^^^^^^^^^^^^^^^^^^^^^
  File "/usr/local/lib/python3.12/socket.py", line 852, in create_connection
    raise exceptions[0]
  File "/usr/local/lib/python3.12/socket.py", line 837, in create_connection
    sock.connect(sa)
ConnectionRefusedError: [Errno 111] Connection refused
[2025-07-31T16:05:44.608+0000] {standard_task_runner.py:110} ERROR - Failed to execute job 233 for task train_model (CryptoLightGBMModel.save_metrics_to_s3() missing 1 required positional argument: 'run_id'; 13279)
[2025-07-31T16:05:44.683+0000] {local_task_job_runner.py:240} INFO - Task exited with return code 1
[2025-07-31T16:05:44.707+0000] {taskinstance.py:3482} INFO - 0 downstream tasks scheduled from follow-on schedule check
[2025-07-31T16:05:44.710+0000] {local_task_job_runner.py:222} INFO - ::endgroup::
